Log file open, 04/24/19 21:23:24
LogWindows: Failed to load 'aqProf.dll' (GetLastError=126)
LogWindows: File 'aqProf.dll' does not exist
LogWindows: Failed to load 'VtuneApi.dll' (GetLastError=126)
LogWindows: File 'VtuneApi.dll' does not exist
LogWindows: Failed to load 'VtuneApi32e.dll' (GetLastError=126)
LogWindows: File 'VtuneApi32e.dll' does not exist
LogConsoleResponse: Display: Failed to find resolution value strings in scalability ini. Falling back to default.
LogInit: Display: Running engine for game: CactusClub
LogPakFile: Registered encryption key '00000000000000000000000000000000': 0 pak files mounted, 0 remain pending
LogPlatformFile: Not using cached read wrapper
LogTaskGraph: Started task graph with 5 named threads and 23 total threads with 3 sets of task threads.
LogStats: Stats thread started at 0.252518
LogD3D11RHI: Loaded GFSDK_Aftermath_Lib.x64.dll
LogWindows: Failed to load '../../../Engine/Binaries/ThirdParty/libsndfile/Win64/libsndfile-1.dll' (GetLastError=126)
LogWindows: File '../../../Engine/Binaries/ThirdParty/libsndfile/Win64/libsndfile-1.dll' does not exist
LogAudioMixer: Display: Failed to load Sound File dll
LogAudioEditor: Display: LibSoundFile failed to load. Importing audio will not work correctly.
LogICUInternationalization: ICU TimeZone Detection - Raw Offset: -8:00, Platform Override: ''
LogPluginManager: Mounting plugin Paper2D
LogPluginManager: Mounting plugin AISupport
LogPluginManager: Mounting plugin LightPropagationVolume
LogPluginManager: Mounting plugin ActorLayerUtilities
LogPluginManager: Mounting plugin AnimationSharing
LogPluginManager: Mounting plugin CLionSourceCodeAccess
LogPluginManager: Mounting plugin CodeLiteSourceCodeAccess
LogPluginManager: Mounting plugin GitSourceControl
LogPluginManager: Mounting plugin KDevelopSourceCodeAccess
LogPluginManager: Mounting plugin NullSourceCodeAccess
LogPluginManager: Mounting plugin PerforceSourceControl
LogPluginManager: Mounting plugin SubversionSourceControl
LogPluginManager: Mounting plugin UObjectPlugin
LogPluginManager: Mounting plugin VisualStudioCodeSourceCodeAccess
LogPluginManager: Mounting plugin VisualStudioSourceCodeAccess
LogPluginManager: Mounting plugin XCodeSourceCodeAccess
LogPluginManager: Mounting plugin AssetManagerEditor
LogPluginManager: Mounting plugin CryptoKeys
LogPluginManager: Mounting plugin DataValidation
LogPluginManager: Mounting plugin FacialAnimation
LogPluginManager: Mounting plugin GameplayTagsEditor
LogPluginManager: Mounting plugin MacGraphicsSwitching
LogPluginManager: Mounting plugin MaterialAnalyzer
LogPluginManager: Mounting plugin MobileLauncherProfileWizard
LogPluginManager: Mounting plugin PluginBrowser
LogPluginManager: Mounting plugin SpeedTreeImporter
LogPluginManager: Mounting plugin DatasmithContent
LogPluginManager: Mounting plugin VariantManagerContent
LogPluginManager: Mounting plugin AlembicImporter
LogPluginManager: Mounting plugin AppleImageUtils
LogPluginManager: Mounting plugin AppleVision
LogPluginManager: Mounting plugin BackChannel
LogPluginManager: Mounting plugin CharacterAI
LogPluginManager: Mounting plugin GeometryCache
LogPluginManager: Mounting plugin HTML5Networking
LogPluginManager: Mounting plugin ProxyLODPlugin
LogPluginManager: Mounting plugin SkeletalReduction
LogPluginManager: Mounting plugin MagicLeap
LogPluginManager: Mounting plugin MagicLeapMedia
LogPluginManager: Mounting plugin AndroidMedia
LogPluginManager: Mounting plugin AvfMedia
LogPluginManager: Mounting plugin ImgMedia
LogPluginManager: Mounting plugin LinearTimecode
LogPluginManager: Mounting plugin MediaCompositing
LogPluginManager: Mounting plugin MediaPlayerEditor
LogPluginManager: Mounting plugin WebMMedia
LogPluginManager: Mounting plugin WmfMedia
LogPluginManager: Mounting plugin TcpMessaging
LogPluginManager: Mounting plugin UdpMessaging
LogPluginManager: Mounting plugin ActorSequence
LogPluginManager: Mounting plugin LevelSequenceEditor
LogPluginManager: Mounting plugin MatineeToLevelSequence
LogPluginManager: Mounting plugin NetcodeUnitTest
LogPluginManager: Mounting plugin NUTUnrealEngine4
LogPluginManager: Mounting plugin OnlineSubsystemGooglePlay
LogPluginManager: Mounting plugin OnlineSubsystemIOS
LogPluginManager: Mounting plugin OnlineSubsystem
LogPluginManager: Mounting plugin OnlineSubsystemNull
LogPluginManager: Mounting plugin OnlineSubsystemUtils
LogPluginManager: Mounting plugin LauncherChunkInstaller
LogPluginManager: Mounting plugin AndroidDeviceProfileSelector
LogPluginManager: Mounting plugin AndroidMoviePlayer
LogPluginManager: Mounting plugin AndroidPermission
LogPluginManager: Mounting plugin AppleMoviePlayer
LogPluginManager: Mounting plugin ArchVisCharacter
LogPluginManager: Mounting plugin AudioCapture
LogPluginManager: Mounting plugin CableComponent
LogPluginManager: Mounting plugin CustomMeshComponent
LogPluginManager: Mounting plugin EditableMesh
LogPluginManager: Mounting plugin ExampleDeviceProfileSelector
LogPluginManager: Mounting plugin Firebase
LogPluginManager: Mounting plugin GoogleCloudMessaging
LogPluginManager: Mounting plugin IOSDeviceProfileSelector
LogPluginManager: Mounting plugin LinuxDeviceProfileSelector
LogPluginManager: Mounting plugin LocationServicesBPLibrary
LogPluginManager: Mounting plugin MobilePatchingUtils
LogPluginManager: Mounting plugin OculusVR
LogPluginManager: Mounting plugin PhysXVehicles
LogPluginManager: Mounting plugin ProceduralMeshComponent
LogPluginManager: Mounting plugin RuntimePhysXCooking
LogPluginManager: Mounting plugin SignificanceManager
LogPluginManager: Mounting plugin SteamVR
LogPluginManager: Mounting plugin WebMMoviePlayer
LogPluginManager: Mounting plugin WindowsMoviePlayer
LogInit: Using libcurl 7.55.1-DEV
LogInit:  - built for x86_64-pc-win32
LogInit:  - supports SSL with OpenSSL/1.1.1
LogInit:  - supports HTTP deflate (compression) using libz 1.2.8
LogInit:  - other features:
LogInit:      CURL_VERSION_SSL
LogInit:      CURL_VERSION_LIBZ
LogInit:      CURL_VERSION_IPV6
LogInit:      CURL_VERSION_ASYNCHDNS
LogInit:      CURL_VERSION_LARGEFILE
LogInit:      CURL_VERSION_IDN
LogInit:  CurlRequestOptions (configurable via config and command line):
LogInit:  - bVerifyPeer = true  - Libcurl will verify peer certificate
LogInit:  - bUseHttpProxy = false  - Libcurl will NOT use HTTP proxy
LogInit:  - bDontReuseConnections = false  - Libcurl will reuse connections
LogInit:  - MaxHostConnections = 16  - Libcurl will limit the number of connections to a host
LogInit:  - LocalHostAddr = Default
LogInit:  - BufferSize = 65536
LogInit: WinSock: version 1.1 (2.2), MaxSocks=32767, MaxUdp=65467
LogInit: Build: ++UE4+Release-4.22-CL-5660361
LogInit: Engine Version: 4.22.0-5660361+++UE4+Release-4.22
LogInit: Compatible Engine Version: 4.22.0-5660361+++UE4+Release-4.22
LogInit: Net CL: 5660361
LogInit: OS: Windows 7 (Service Pack 1), CPU: Intel(R) Core(TM) i7-4790 CPU @ 3.60GHz, GPU: NVIDIA GeForce GTX 1060 3GB
LogInit: Compiled (64-bit): Mar 31 2019 02:05:09
LogInit: Compiled with Visual C++: 19.16.27025.01
LogInit: Build Configuration: Development
LogInit: Branch Name: ++UE4+Release-4.22
LogInit: Command Line:  -EpicPortal -epicusername=mikicompany -epicuserid=515bd2677bef470e89637780ff333106 -epiclocale=es-ES
LogInit: Base Directory: D:/Cactusclub/ProjectCactus01/UE_4.22/Engine/Binaries/Win64/
LogInit: Installed Engine Build: 1
LogDevObjectVersion: Number of dev versions registered: 23
LogDevObjectVersion:   Dev-Blueprints (B0D832E4-1F89-4F0D-ACCF-7EB736FD4AA2): 10
LogDevObjectVersion:   Dev-Build (E1C64328-A22C-4D53-A36C-8E866417BD8C): 0
LogDevObjectVersion:   Dev-Core (375EC13C-06E4-48FB-B500-84F0262A717E): 3
LogDevObjectVersion:   Dev-Editor (E4B068ED-F494-42E9-A231-DA0B2E46BB41): 30
LogDevObjectVersion:   Dev-Framework (CFFC743F-43B0-4480-9391-14DF171D2073): 35
LogDevObjectVersion:   Dev-Mobile (B02B49B5-BB20-44E9-A304-32B752E40360): 2
LogDevObjectVersion:   Dev-Networking (A4E4105C-59A1-49B5-A7C5-40C4547EDFEE): 0
LogDevObjectVersion:   Dev-Online (39C831C9-5AE6-47DC-9A44-9C173E1C8E7C): 0
LogDevObjectVersion:   Dev-Physics (78F01B33-EBEA-4F98-B9B4-84EACCB95AA2): 0
LogDevObjectVersion:   Dev-Platform (6631380F-2D4D-43E0-8009-CF276956A95A): 0
LogDevObjectVersion:   Dev-Rendering (12F88B9F-8875-4AFC-A67C-D90C383ABD29): 28
LogDevObjectVersion:   Dev-Sequencer (7B5AE74C-D270-4C10-A958-57980B212A5A): 11
LogDevObjectVersion:   Dev-VR (D7296918-1DD6-4BDD-9DE2-64A83CC13884): 2
LogDevObjectVersion:   Dev-LoadTimes (C2A15278-BFE7-4AFE-6C17-90FF531DF755): 1
LogDevObjectVersion:   Private-Geometry (6EACA3D4-40EC-4CC1-B786-8BED09428FC5): 3
LogDevObjectVersion:   Dev-AnimPhys (29E575DD-E0A3-4627-9D10-D276232CDCEA): 17
LogDevObjectVersion:   Dev-Anim (AF43A65D-7FD3-4947-9873-3E8ED9C1BB05): 2
LogDevObjectVersion:   Dev-ReflectionCapture (6B266CEC-1EC7-4B8F-A30B-E4D90942FC07): 1
LogDevObjectVersion:   Dev-Automation (0DF73D61-A23F-47EA-B727-89E90C41499A): 1
LogDevObjectVersion:   FortniteMain (601D1886-AC64-4F84-AA16-D3DE0DEAC7D6): 25
LogDevObjectVersion:   Dev-Enterprise (9DFFBCD6-494F-0158-E221-12823C92A888): 6
LogDevObjectVersion:   Dev-Niagara (F2AED0AC-9AFE-416F-8664-AA7FFA26D6FC): 1
LogDevObjectVersion:   Dev-Destruction (174F1F0B-B4C6-45A5-B13F-2EE8D0FB917D): 2
LogInit: Presizing for max 16777216 objects, including 0 objects not considered by GC, pre-allocating 0 bytes for permanent pool.
LogInit: Object subsystem initialized
LogConfig: Setting CVar [[con.DebugEarlyDefault:1]]
LogConfig: Setting CVar [[r.setres:1280x720]]
[2019.04.25-04.23.24:292][  0]LogConfig: Setting CVar [[r.VSync:0]]
[2019.04.25-04.23.24:292][  0]LogConfig: Setting CVar [[r.RHICmdBypass:0]]
[2019.04.25-04.23.24:292][  0]LogConfig: Applying CVar settings from Section [/Script/Engine.RendererSettings] File [D:/Cactusclub/01/CactusClub/Saved/Config/Windows/Engine.ini]
[2019.04.25-04.23.24:292][  0]LogConfig: Setting CVar [[r.GPUCrashDebugging:0]]
[2019.04.25-04.23.24:292][  0]LogConfig: Setting CVar [[r.DefaultFeature.AutoExposure.ExtendDefaultLuminanceRange:1]]
[2019.04.25-04.23.24:292][  0]LogConfig: Applying CVar settings from Section [/Script/Engine.RendererOverrideSettings] File [D:/Cactusclub/01/CactusClub/Saved/Config/Windows/Engine.ini]
[2019.04.25-04.23.24:292][  0]LogConfig: Applying CVar settings from Section [/Script/Engine.StreamingSettings] File [D:/Cactusclub/01/CactusClub/Saved/Config/Windows/Engine.ini]
[2019.04.25-04.23.24:292][  0]LogConfig: Setting CVar [[s.MinBulkDataSizeForAsyncLoading:131072]]
[2019.04.25-04.23.24:292][  0]LogConfig: Setting CVar [[s.AsyncLoadingThreadEnabled:0]]
[2019.04.25-04.23.24:292][  0]LogConfig: Setting CVar [[s.EventDrivenLoaderEnabled:1]]
[2019.04.25-04.23.24:292][  0]LogConfig: Setting CVar [[s.WarnIfTimeLimitExceeded:0]]
[2019.04.25-04.23.24:292][  0]LogConfig: Setting CVar [[s.TimeLimitExceededMultiplier:1.5]]
[2019.04.25-04.23.24:292][  0]LogConfig: Setting CVar [[s.TimeLimitExceededMinTime:0.005]]
[2019.04.25-04.23.24:292][  0]LogConfig: Setting CVar [[s.UseBackgroundLevelStreaming:1]]
[2019.04.25-04.23.24:292][  0]LogConfig: Setting CVar [[s.PriorityAsyncLoadingExtraTime:15.0]]
[2019.04.25-04.23.24:292][  0]LogConfig: Setting CVar [[s.LevelStreamingActorsUpdateTimeLimit:5.0]]
[2019.04.25-04.23.24:292][  0]LogConfig: Setting CVar [[s.PriorityLevelStreamingActorsUpdateExtraTime:5.0]]
[2019.04.25-04.23.24:292][  0]LogConfig: Setting CVar [[s.LevelStreamingComponentsRegistrationGranularity:10]]
[2019.04.25-04.23.24:292][  0]LogConfig: Setting CVar [[s.UnregisterComponentsTimeLimit:1.0]]
[2019.04.25-04.23.24:292][  0]LogConfig: Setting CVar [[s.LevelStreamingComponentsUnregistrationGranularity:5]]
[2019.04.25-04.23.24:292][  0]LogConfig: Applying CVar settings from Section [/Script/Engine.GarbageCollectionSettings] File [D:/Cactusclub/01/CactusClub/Saved/Config/Windows/Engine.ini]
[2019.04.25-04.23.24:293][  0]LogConfig: Setting CVar [[gc.MaxObjectsNotConsideredByGC:1]]
[2019.04.25-04.23.24:293][  0]LogConfig: Setting CVar [[gc.SizeOfPermanentObjectPool:0]]
[2019.04.25-04.23.24:293][  0]LogConfig: Setting CVar [[gc.FlushStreamingOnGC:0]]
[2019.04.25-04.23.24:293][  0]LogConfig: Setting CVar [[gc.NumRetriesBeforeForcingGC:10]]
[2019.04.25-04.23.24:293][  0]LogConfig: Setting CVar [[gc.AllowParallelGC:1]]
[2019.04.25-04.23.24:293][  0]LogConfig: Setting CVar [[gc.TimeBetweenPurgingPendingKillObjects:61.1]]
[2019.04.25-04.23.24:293][  0]LogConfig: Setting CVar [[gc.MaxObjectsInEditor:16777216]]
[2019.04.25-04.23.24:293][  0]LogConfig: Setting CVar [[gc.IncrementalBeginDestroyEnabled:1]]
[2019.04.25-04.23.24:293][  0]LogConfig: Setting CVar [[gc.CreateGCClusters:1]]
[2019.04.25-04.23.24:293][  0]LogConfig: Setting CVar [[gc.MinGCClusterSize:5]]
[2019.04.25-04.23.24:293][  0]LogConfig: Setting CVar [[gc.ActorClusteringEnabled:0]]
[2019.04.25-04.23.24:293][  0]LogConfig: Setting CVar [[gc.BlueprintClusteringEnabled:0]]
[2019.04.25-04.23.24:293][  0]LogConfig: Setting CVar [[gc.UseDisregardForGCOnDedicatedServers:0]]
[2019.04.25-04.23.24:293][  0]LogConfig: Applying CVar settings from Section [/Script/Engine.NetworkSettings] File [D:/Cactusclub/01/CactusClub/Saved/Config/Windows/Engine.ini]
[2019.04.25-04.23.24:293][  0]LogConfig: Applying CVar settings from Section [/Script/UnrealEd.CookerSettings] File [D:/Cactusclub/01/CactusClub/Saved/Config/Windows/Engine.ini]
[2019.04.25-04.23.24:299][  0]LogConfig: Applying CVar settings from Section [ViewDistanceQuality@3] File [D:/Cactusclub/01/CactusClub/Saved/Config/Windows/Scalability.ini]
[2019.04.25-04.23.24:299][  0]LogConfig: Setting CVar [[r.SkeletalMeshLODBias:0]]
[2019.04.25-04.23.24:299][  0]LogConfig: Setting CVar [[r.ViewDistanceScale:1.0]]
[2019.04.25-04.23.24:299][  0]LogConfig: Applying CVar settings from Section [AntiAliasingQuality@3] File [D:/Cactusclub/01/CactusClub/Saved/Config/Windows/Scalability.ini]
[2019.04.25-04.23.24:299][  0]LogConfig: Setting CVar [[r.PostProcessAAQuality:4]]
[2019.04.25-04.23.24:299][  0]LogConfig: Applying CVar settings from Section [ShadowQuality@3] File [D:/Cactusclub/01/CactusClub/Saved/Config/Windows/Scalability.ini]
[2019.04.25-04.23.24:299][  0]LogConfig: Setting CVar [[r.LightFunctionQuality:1]]
[2019.04.25-04.23.24:299][  0]LogConfig: Setting CVar [[r.ShadowQuality:5]]
[2019.04.25-04.23.24:299][  0]LogConfig: Setting CVar [[r.Shadow.CSM.MaxCascades:10]]
[2019.04.25-04.23.24:299][  0]LogConfig: Setting CVar [[r.Shadow.MaxResolution:2048]]
[2019.04.25-04.23.24:299][  0]LogConfig: Setting CVar [[r.Shadow.MaxCSMResolution:2048]]
[2019.04.25-04.23.24:299][  0]LogConfig: Setting CVar [[r.Shadow.RadiusThreshold:0.01]]
[2019.04.25-04.23.24:299][  0]LogConfig: Setting CVar [[r.Shadow.DistanceScale:1.0]]
[2019.04.25-04.23.24:299][  0]LogConfig: Setting CVar [[r.Shadow.CSM.TransitionScale:1.0]]
[2019.04.25-04.23.24:299][  0]LogConfig: Setting CVar [[r.Shadow.PreShadowResolutionFactor:1.0]]
[2019.04.25-04.23.24:299][  0]LogConfig: Setting CVar [[r.DistanceFieldShadowing:1]]
[2019.04.25-04.23.24:299][  0]LogConfig: Setting CVar [[r.DistanceFieldAO:1]]
[2019.04.25-04.23.24:299][  0]LogConfig: Setting CVar [[r.AOQuality:2]]
[2019.04.25-04.23.24:299][  0]LogConfig: Setting CVar [[r.VolumetricFog:1]]
[2019.04.25-04.23.24:299][  0]LogConfig: Setting CVar [[r.VolumetricFog.GridPixelSize:8]]
[2019.04.25-04.23.24:299][  0]LogConfig: Setting CVar [[r.VolumetricFog.GridSizeZ:128]]
[2019.04.25-04.23.24:299][  0]LogConfig: Setting CVar [[r.VolumetricFog.HistoryMissSupersampleCount:4]]
[2019.04.25-04.23.24:299][  0]LogConfig: Setting CVar [[r.LightMaxDrawDistanceScale:1]]
[2019.04.25-04.23.24:299][  0]LogConfig: Setting CVar [[r.CapsuleShadows:1]]
[2019.04.25-04.23.24:299][  0]LogConfig: Applying CVar settings from Section [PostProcessQuality@3] File [D:/Cactusclub/01/CactusClub/Saved/Config/Windows/Scalability.ini]
[2019.04.25-04.23.24:300][  0]LogConfig: Setting CVar [[r.MotionBlurQuality:4]]
[2019.04.25-04.23.24:300][  0]LogConfig: Setting CVar [[r.AmbientOcclusionMipLevelFactor:0.4]]
[2019.04.25-04.23.24:300][  0]LogConfig: Setting CVar [[r.AmbientOcclusionMaxQuality:100]]
[2019.04.25-04.23.24:300][  0]LogConfig: Setting CVar [[r.AmbientOcclusionLevels:-1]]
[2019.04.25-04.23.24:300][  0]LogConfig: Setting CVar [[r.AmbientOcclusionRadiusScale:1.0]]
[2019.04.25-04.23.24:300][  0]LogConfig: Setting CVar [[r.DepthOfFieldQuality:2]]
[2019.04.25-04.23.24:300][  0]LogConfig: Setting CVar [[r.RenderTargetPoolMin:400]]
[2019.04.25-04.23.24:300][  0]LogConfig: Setting CVar [[r.LensFlareQuality:2]]
[2019.04.25-04.23.24:300][  0]LogConfig: Setting CVar [[r.SceneColorFringeQuality:1]]
[2019.04.25-04.23.24:300][  0]LogConfig: Setting CVar [[r.EyeAdaptationQuality:2]]
[2019.04.25-04.23.24:300][  0]LogConfig: Setting CVar [[r.BloomQuality:5]]
[2019.04.25-04.23.24:300][  0]LogConfig: Setting CVar [[r.FastBlurThreshold:100]]
[2019.04.25-04.23.24:300][  0]LogConfig: Setting CVar [[r.Upscale.Quality:3]]
[2019.04.25-04.23.24:300][  0]LogConfig: Setting CVar [[r.Tonemapper.GrainQuantization:1]]
[2019.04.25-04.23.24:300][  0]LogConfig: Setting CVar [[r.LightShaftQuality:1]]
[2019.04.25-04.23.24:300][  0]LogConfig: Setting CVar [[r.Filter.SizeScale:1]]
[2019.04.25-04.23.24:300][  0]LogConfig: Setting CVar [[r.Tonemapper.Quality:5]]
[2019.04.25-04.23.24:300][  0]LogConfig: Setting CVar [[r.DOF.Gather.AccumulatorQuality:1        ; higher gathering accumulator quality]]
[2019.04.25-04.23.24:300][  0]LogConfig: Setting CVar [[r.DOF.Gather.PostfilterMethod:1          ; Median3x3 postfilering method]]
[2019.04.25-04.23.24:300][  0]LogConfig: Setting CVar [[r.DOF.Gather.EnableBokehSettings:0       ; no bokeh simulation when gathering]]
[2019.04.25-04.23.24:300][  0]LogConfig: Setting CVar [[r.DOF.Gather.RingCount:4                 ; medium number of samples when gathering]]
[2019.04.25-04.23.24:300][  0]LogConfig: Setting CVar [[r.DOF.Scatter.ForegroundCompositing:1    ; additive foreground scattering]]
[2019.04.25-04.23.24:300][  0]LogConfig: Setting CVar [[r.DOF.Scatter.BackgroundCompositing:2    ; additive background scattering]]
[2019.04.25-04.23.24:300][  0]LogConfig: Setting CVar [[r.DOF.Scatter.EnableBokehSettings:1      ; bokeh simulation when scattering]]
[2019.04.25-04.23.24:300][  0]LogConfig: Setting CVar [[r.DOF.Scatter.MaxSpriteRatio:0.1         ; only a maximum of 10% of scattered bokeh]]
[2019.04.25-04.23.24:300][  0]LogConfig: Setting CVar [[r.DOF.Recombine.Quality:1                ; cheap slight out of focus]]
[2019.04.25-04.23.24:300][  0]LogConfig: Setting CVar [[r.DOF.Recombine.EnableBokehSettings:0    ; no bokeh simulation on slight out of focus]]
[2019.04.25-04.23.24:300][  0]LogConfig: Setting CVar [[r.DOF.TemporalAAQuality:1                ; more stable temporal accumulation]]
[2019.04.25-04.23.24:300][  0]LogConfig: Setting CVar [[r.DOF.Kernel.MaxForegroundRadius:0.025]]
[2019.04.25-04.23.24:300][  0]LogConfig: Setting CVar [[r.DOF.Kernel.MaxBackgroundRadius:0.025]]
[2019.04.25-04.23.24:300][  0]LogConfig: Applying CVar settings from Section [TextureQuality@3] File [D:/Cactusclub/01/CactusClub/Saved/Config/Windows/Scalability.ini]
[2019.04.25-04.23.24:300][  0]LogConfig: Setting CVar [[r.Streaming.MipBias:0]]
[2019.04.25-04.23.24:300][  0]LogConfig: Setting CVar [[r.Streaming.AmortizeCPUToGPUCopy:0]]
[2019.04.25-04.23.24:300][  0]LogConfig: Setting CVar [[r.Streaming.MaxNumTexturesToStreamPerFrame:0]]
[2019.04.25-04.23.24:300][  0]LogConfig: Setting CVar [[r.Streaming.Boost:1]]
[2019.04.25-04.23.24:300][  0]LogConfig: Setting CVar [[r.MaxAnisotropy:8]]
[2019.04.25-04.23.24:300][  0]LogConfig: Setting CVar [[r.Streaming.LimitPoolSizeToVRAM:0]]
[2019.04.25-04.23.24:300][  0]LogConfig: Setting CVar [[r.Streaming.PoolSize:1000]]
[2019.04.25-04.23.24:300][  0]LogConfig: Setting CVar [[r.Streaming.MaxEffectiveScreenSize:0]]
[2019.04.25-04.23.24:300][  0]LogConfig: Applying CVar settings from Section [EffectsQuality@3] File [D:/Cactusclub/01/CactusClub/Saved/Config/Windows/Scalability.ini]
[2019.04.25-04.23.24:300][  0]LogConfig: Setting CVar [[r.TranslucencyLightingVolumeDim:64]]
[2019.04.25-04.23.24:300][  0]LogConfig: Setting CVar [[r.RefractionQuality:2]]
[2019.04.25-04.23.24:300][  0]LogConfig: Setting CVar [[r.SSR.Quality:3]]
[2019.04.25-04.23.24:300][  0]LogConfig: Setting CVar [[r.SceneColorFormat:4]]
[2019.04.25-04.23.24:300][  0]LogConfig: Setting CVar [[r.DetailMode:2]]
[2019.04.25-04.23.24:300][  0]LogConfig: Setting CVar [[r.TranslucencyVolumeBlur:1]]
[2019.04.25-04.23.24:300][  0]LogConfig: Setting CVar [[r.MaterialQualityLevel:1 ; High quality]]
[2019.04.25-04.23.24:300][  0]LogConfig: Setting CVar [[r.SSS.Scale:1]]
[2019.04.25-04.23.24:300][  0]LogConfig: Setting CVar [[r.SSS.SampleSet:2]]
[2019.04.25-04.23.24:300][  0]LogConfig: Setting CVar [[r.SSS.Quality:1]]
[2019.04.25-04.23.24:300][  0]LogConfig: Setting CVar [[r.SSS.HalfRes:1]]
[2019.04.25-04.23.24:300][  0]LogConfig: Setting CVar [[r.EmitterSpawnRateScale:1.0]]
[2019.04.25-04.23.24:300][  0]LogConfig: Setting CVar [[r.ParticleLightQuality:2]]
[2019.04.25-04.23.24:300][  0]LogConfig: Applying CVar settings from Section [FoliageQuality@3] File [D:/Cactusclub/01/CactusClub/Saved/Config/Windows/Scalability.ini]
[2019.04.25-04.23.24:300][  0]LogConfig: Setting CVar [[foliage.DensityScale:1.0]]
[2019.04.25-04.23.24:300][  0]LogConfig: Setting CVar [[grass.DensityScale:1.0]]
[2019.04.25-04.23.24:300][  0]LogInit: Selected Device Profile: [Windows]
[2019.04.25-04.23.24:300][  0]LogInit: Applying CVar settings loaded from the selected device profile: [Windows]
[2019.04.25-04.23.24:306][  0]LogHAL: Display: Platform has ~ 32 GB [34300059648 / 34359738368 / 32], which maps to Largest [LargestMinGB=32, LargerMinGB=12, DefaultMinGB=8, SmallerMinGB=6, SmallestMinGB=0)
[2019.04.25-04.23.24:306][  0]LogConfig: Setting CVar [[r.Vulkan.UseRealUBs:0		; Required until we fix HLR fall-out]]
[2019.04.25-04.23.24:306][  0]LogInit: Going up to parent DeviceProfile []
[2019.04.25-04.23.24:306][  0]LogConfig: Applying CVar settings from Section [ViewDistanceQuality@3] File [D:/Cactusclub/01/CactusClub/Saved/Config/Windows/Scalability.ini]
[2019.04.25-04.23.24:306][  0]LogConfig: Setting CVar [[r.SkeletalMeshLODBias:0]]
[2019.04.25-04.23.24:306][  0]LogConfig: Setting CVar [[r.ViewDistanceScale:1.0]]
[2019.04.25-04.23.24:306][  0]LogConfig: Applying CVar settings from Section [AntiAliasingQuality@3] File [D:/Cactusclub/01/CactusClub/Saved/Config/Windows/Scalability.ini]
[2019.04.25-04.23.24:306][  0]LogConfig: Setting CVar [[r.PostProcessAAQuality:4]]
[2019.04.25-04.23.24:306][  0]LogConfig: Applying CVar settings from Section [ShadowQuality@3] File [D:/Cactusclub/01/CactusClub/Saved/Config/Windows/Scalability.ini]
[2019.04.25-04.23.24:306][  0]LogConfig: Setting CVar [[r.LightFunctionQuality:1]]
[2019.04.25-04.23.24:306][  0]LogConfig: Setting CVar [[r.ShadowQuality:5]]
[2019.04.25-04.23.24:306][  0]LogConfig: Setting CVar [[r.Shadow.CSM.MaxCascades:10]]
[2019.04.25-04.23.24:306][  0]LogConfig: Setting CVar [[r.Shadow.MaxResolution:2048]]
[2019.04.25-04.23.24:306][  0]LogConfig: Setting CVar [[r.Shadow.MaxCSMResolution:2048]]
[2019.04.25-04.23.24:306][  0]LogConfig: Setting CVar [[r.Shadow.RadiusThreshold:0.01]]
[2019.04.25-04.23.24:306][  0]LogConfig: Setting CVar [[r.Shadow.DistanceScale:1.0]]
[2019.04.25-04.23.24:306][  0]LogConfig: Setting CVar [[r.Shadow.CSM.TransitionScale:1.0]]
[2019.04.25-04.23.24:306][  0]LogConfig: Setting CVar [[r.Shadow.PreShadowResolutionFactor:1.0]]
[2019.04.25-04.23.24:306][  0]LogConfig: Setting CVar [[r.DistanceFieldShadowing:1]]
[2019.04.25-04.23.24:306][  0]LogConfig: Setting CVar [[r.DistanceFieldAO:1]]
[2019.04.25-04.23.24:306][  0]LogConfig: Setting CVar [[r.AOQuality:2]]
[2019.04.25-04.23.24:306][  0]LogConfig: Setting CVar [[r.VolumetricFog:1]]
[2019.04.25-04.23.24:306][  0]LogConfig: Setting CVar [[r.VolumetricFog.GridPixelSize:8]]
[2019.04.25-04.23.24:306][  0]LogConfig: Setting CVar [[r.VolumetricFog.GridSizeZ:128]]
[2019.04.25-04.23.24:306][  0]LogConfig: Setting CVar [[r.VolumetricFog.HistoryMissSupersampleCount:4]]
[2019.04.25-04.23.24:306][  0]LogConfig: Setting CVar [[r.LightMaxDrawDistanceScale:1]]
[2019.04.25-04.23.24:306][  0]LogConfig: Setting CVar [[r.CapsuleShadows:1]]
[2019.04.25-04.23.24:306][  0]LogConfig: Applying CVar settings from Section [PostProcessQuality@3] File [D:/Cactusclub/01/CactusClub/Saved/Config/Windows/Scalability.ini]
[2019.04.25-04.23.24:306][  0]LogConfig: Setting CVar [[r.MotionBlurQuality:4]]
[2019.04.25-04.23.24:306][  0]LogConfig: Setting CVar [[r.AmbientOcclusionMipLevelFactor:0.4]]
[2019.04.25-04.23.24:306][  0]LogConfig: Setting CVar [[r.AmbientOcclusionMaxQuality:100]]
[2019.04.25-04.23.24:306][  0]LogConfig: Setting CVar [[r.AmbientOcclusionLevels:-1]]
[2019.04.25-04.23.24:306][  0]LogConfig: Setting CVar [[r.AmbientOcclusionRadiusScale:1.0]]
[2019.04.25-04.23.24:306][  0]LogConfig: Setting CVar [[r.DepthOfFieldQuality:2]]
[2019.04.25-04.23.24:306][  0]LogConfig: Setting CVar [[r.RenderTargetPoolMin:400]]
[2019.04.25-04.23.24:306][  0]LogConfig: Setting CVar [[r.LensFlareQuality:2]]
[2019.04.25-04.23.24:306][  0]LogConfig: Setting CVar [[r.SceneColorFringeQuality:1]]
[2019.04.25-04.23.24:306][  0]LogConfig: Setting CVar [[r.EyeAdaptationQuality:2]]
[2019.04.25-04.23.24:306][  0]LogConfig: Setting CVar [[r.BloomQuality:5]]
[2019.04.25-04.23.24:306][  0]LogConfig: Setting CVar [[r.FastBlurThreshold:100]]
[2019.04.25-04.23.24:306][  0]LogConfig: Setting CVar [[r.Upscale.Quality:3]]
[2019.04.25-04.23.24:306][  0]LogConfig: Setting CVar [[r.Tonemapper.GrainQuantization:1]]
[2019.04.25-04.23.24:306][  0]LogConfig: Setting CVar [[r.LightShaftQuality:1]]
[2019.04.25-04.23.24:306][  0]LogConfig: Setting CVar [[r.Filter.SizeScale:1]]
[2019.04.25-04.23.24:306][  0]LogConfig: Setting CVar [[r.Tonemapper.Quality:5]]
[2019.04.25-04.23.24:306][  0]LogConfig: Setting CVar [[r.DOF.Gather.AccumulatorQuality:1        ; higher gathering accumulator quality]]
[2019.04.25-04.23.24:306][  0]LogConfig: Setting CVar [[r.DOF.Gather.PostfilterMethod:1          ; Median3x3 postfilering method]]
[2019.04.25-04.23.24:306][  0]LogConfig: Setting CVar [[r.DOF.Gather.EnableBokehSettings:0       ; no bokeh simulation when gathering]]
[2019.04.25-04.23.24:306][  0]LogConfig: Setting CVar [[r.DOF.Gather.RingCount:4                 ; medium number of samples when gathering]]
[2019.04.25-04.23.24:306][  0]LogConfig: Setting CVar [[r.DOF.Scatter.ForegroundCompositing:1    ; additive foreground scattering]]
[2019.04.25-04.23.24:306][  0]LogConfig: Setting CVar [[r.DOF.Scatter.BackgroundCompositing:2    ; additive background scattering]]
[2019.04.25-04.23.24:306][  0]LogConfig: Setting CVar [[r.DOF.Scatter.EnableBokehSettings:1      ; bokeh simulation when scattering]]
[2019.04.25-04.23.24:306][  0]LogConfig: Setting CVar [[r.DOF.Scatter.MaxSpriteRatio:0.1         ; only a maximum of 10% of scattered bokeh]]
[2019.04.25-04.23.24:306][  0]LogConfig: Setting CVar [[r.DOF.Recombine.Quality:1                ; cheap slight out of focus]]
[2019.04.25-04.23.24:306][  0]LogConfig: Setting CVar [[r.DOF.Recombine.EnableBokehSettings:0    ; no bokeh simulation on slight out of focus]]
[2019.04.25-04.23.24:306][  0]LogConfig: Setting CVar [[r.DOF.TemporalAAQuality:1                ; more stable temporal accumulation]]
[2019.04.25-04.23.24:306][  0]LogConfig: Setting CVar [[r.DOF.Kernel.MaxForegroundRadius:0.025]]
[2019.04.25-04.23.24:306][  0]LogConfig: Setting CVar [[r.DOF.Kernel.MaxBackgroundRadius:0.025]]
[2019.04.25-04.23.24:306][  0]LogConfig: Applying CVar settings from Section [TextureQuality@3] File [D:/Cactusclub/01/CactusClub/Saved/Config/Windows/Scalability.ini]
[2019.04.25-04.23.24:306][  0]LogConfig: Setting CVar [[r.Streaming.MipBias:0]]
[2019.04.25-04.23.24:306][  0]LogConfig: Setting CVar [[r.Streaming.AmortizeCPUToGPUCopy:0]]
[2019.04.25-04.23.24:306][  0]LogConfig: Setting CVar [[r.Streaming.MaxNumTexturesToStreamPerFrame:0]]
[2019.04.25-04.23.24:306][  0]LogConfig: Setting CVar [[r.Streaming.Boost:1]]
[2019.04.25-04.23.24:306][  0]LogConfig: Setting CVar [[r.MaxAnisotropy:8]]
[2019.04.25-04.23.24:306][  0]LogConfig: Setting CVar [[r.Streaming.LimitPoolSizeToVRAM:0]]
[2019.04.25-04.23.24:306][  0]LogConfig: Setting CVar [[r.Streaming.PoolSize:1000]]
[2019.04.25-04.23.24:306][  0]LogConfig: Setting CVar [[r.Streaming.MaxEffectiveScreenSize:0]]
[2019.04.25-04.23.24:306][  0]LogConfig: Applying CVar settings from Section [EffectsQuality@3] File [D:/Cactusclub/01/CactusClub/Saved/Config/Windows/Scalability.ini]
[2019.04.25-04.23.24:306][  0]LogConfig: Setting CVar [[r.TranslucencyLightingVolumeDim:64]]
[2019.04.25-04.23.24:306][  0]LogConfig: Setting CVar [[r.RefractionQuality:2]]
[2019.04.25-04.23.24:307][  0]LogConfig: Setting CVar [[r.SSR.Quality:3]]
[2019.04.25-04.23.24:307][  0]LogConfig: Setting CVar [[r.SceneColorFormat:4]]
[2019.04.25-04.23.24:307][  0]LogConfig: Setting CVar [[r.DetailMode:2]]
[2019.04.25-04.23.24:307][  0]LogConfig: Setting CVar [[r.TranslucencyVolumeBlur:1]]
[2019.04.25-04.23.24:307][  0]LogConfig: Setting CVar [[r.MaterialQualityLevel:1 ; High quality]]
[2019.04.25-04.23.24:307][  0]LogConfig: Setting CVar [[r.SSS.Scale:1]]
[2019.04.25-04.23.24:307][  0]LogConfig: Setting CVar [[r.SSS.SampleSet:2]]
[2019.04.25-04.23.24:307][  0]LogConfig: Setting CVar [[r.SSS.Quality:1]]
[2019.04.25-04.23.24:307][  0]LogConfig: Setting CVar [[r.SSS.HalfRes:1]]
[2019.04.25-04.23.24:307][  0]LogConfig: Setting CVar [[r.EmitterSpawnRateScale:1.0]]
[2019.04.25-04.23.24:307][  0]LogConfig: Setting CVar [[r.ParticleLightQuality:2]]
[2019.04.25-04.23.24:307][  0]LogConfig: Applying CVar settings from Section [FoliageQuality@3] File [D:/Cactusclub/01/CactusClub/Saved/Config/Windows/Scalability.ini]
[2019.04.25-04.23.24:307][  0]LogConfig: Setting CVar [[foliage.DensityScale:1.0]]
[2019.04.25-04.23.24:307][  0]LogConfig: Setting CVar [[grass.DensityScale:1.0]]
[2019.04.25-04.23.24:307][  0]LogConfig: Applying CVar settings from Section [Startup] File [../../../Engine/Config/ConsoleVariables.ini]
[2019.04.25-04.23.24:307][  0]LogConfig: Setting CVar [[net.UseAdaptiveNetUpdateFrequency:0]]
[2019.04.25-04.23.24:307][  0]LogConfig: Setting CVar [[p.chaos.AllowCreatePhysxBodies:1]]
[2019.04.25-04.23.24:307][  0]LogConfig: Applying CVar settings from Section [ConsoleVariables] File [D:/Cactusclub/01/CactusClub/Saved/Config/Windows/Engine.ini]
[2019.04.25-04.23.24:307][  0]LogInit: Computer: USUARIO
[2019.04.25-04.23.24:307][  0]LogInit: User: Usuario
[2019.04.25-04.23.24:307][  0]LogInit: CPU Page size=4096, Cores=4
[2019.04.25-04.23.24:307][  0]LogInit: High frequency timer resolution =3.515673 MHz
[2019.04.25-04.23.24:307][  0]LogMemory: Memory total: Physical=31.9GB (32GB approx)
[2019.04.25-04.23.24:307][  0]LogMemory: Platform Memory Stats for Windows
[2019.04.25-04.23.24:307][  0]LogMemory: Process Physical Memory: 103.88 MB used, 103.88 MB peak
[2019.04.25-04.23.24:307][  0]LogMemory: Process Virtual Memory: 102.17 MB used, 102.17 MB peak
[2019.04.25-04.23.24:307][  0]LogMemory: Physical Memory: 11060.52 MB used,  21650.57 MB free, 32711.09 MB total
[2019.04.25-04.23.24:307][  0]LogMemory: Virtual Memory: 531.53 MB used,  8388076.50 MB free, 8388608.00 MB total
[2019.04.25-04.23.24:329][  0]LogInit: Overriding language with editor culture configuration option (en_US).
[2019.04.25-04.23.24:329][  0]LogInit: Overriding locale with editor culture configuration option (en_US).
[2019.04.25-04.23.24:330][  0]LogTextLocalizationManager: No specific localization for 'en_US' exists, so the 'en' localization will be used.
[2019.04.25-04.23.24:489][  0]LogWindows: Failed to load 'shcore.dll' (GetLastError=126)
[2019.04.25-04.23.24:489][  0]LogWindows: File 'shcore.dll' does not exist
[2019.04.25-04.23.24:489][  0]LogInit: Setting process to DPI aware
[2019.04.25-04.23.24:524][  0]LogSlate: New Slate User Created.  User Index 0, Is Virtual User: 0
[2019.04.25-04.23.24:524][  0]LogSlate: Slate User Registered.  User Index 0, Is Virtual User: 0
[2019.04.25-04.23.24:681][  0]LogD3D11RHI: D3D11 adapters:
[2019.04.25-04.23.24:720][  0]LogD3D11RHI:    0. 'NVIDIA GeForce GTX 1060 3GB' (Feature Level 11_0)
[2019.04.25-04.23.24:720][  0]LogD3D11RHI:       2977/0/16099 MB DedicatedVideo/DedicatedSystem/SharedSystem, Outputs:2, VendorId:0x10de
[2019.04.25-04.23.24:720][  0]LogD3D11RHI: Chosen D3D11 Adapter: 0
[2019.04.25-04.23.24:730][  0]LogD3D11RHI: Creating new Direct3DDevice
[2019.04.25-04.23.24:730][  0]LogD3D11RHI:     GPU DeviceId: 0x1c02 (for the marketing name, search the web for "GPU Device Id")
[2019.04.25-04.23.24:730][  0]LogWindows: EnumDisplayDevices:
[2019.04.25-04.23.24:731][  0]LogWindows:    0. 'NVIDIA GeForce GTX 1060 3GB' (P:1 D:1)
[2019.04.25-04.23.24:731][  0]LogWindows:    1. 'NVIDIA GeForce GTX 1060 3GB' (P:0 D:1)
[2019.04.25-04.23.24:731][  0]LogWindows:    2. 'NVIDIA GeForce GTX 1060 3GB' (P:0 D:0)
[2019.04.25-04.23.24:732][  0]LogWindows:    3. 'NVIDIA GeForce GTX 1060 3GB' (P:0 D:0)
[2019.04.25-04.23.24:732][  0]LogWindows:    4. 'RDPDD Chained DD' (P:0 D:0)
[2019.04.25-04.23.24:732][  0]LogWindows:    5. 'RDP Encoder Mirror Driver' (P:0 D:0)
[2019.04.25-04.23.24:732][  0]LogWindows:    6. 'RDP Reflector Display Driver' (P:0 D:0)
[2019.04.25-04.23.24:732][  0]LogWindows: DebugString: GetVideoDriverDetailsInvalid PrimaryIsNotTheChoosenAdapter GetVideoDriverDetailsInvalid PrimaryIsNotTheChoosenAdapter GetVideoDriverDetailsInvalid PrimaryIsNotTheChoosenAdapter FoundDriverCount:4 
[2019.04.25-04.23.24:732][  0]LogD3D11RHI:     Adapter Name: NVIDIA GeForce GTX 1060 3GB
[2019.04.25-04.23.24:732][  0]LogD3D11RHI:   Driver Version: 419.17 (internal:25.21.14.1917, unified:419.17)
[2019.04.25-04.23.24:732][  0]LogD3D11RHI:      Driver Date: 2-20-2019
[2019.04.25-04.23.24:732][  0]LogRHI: Texture pool is 2084 MB (70% of 2977 MB)
[2019.04.25-04.23.24:754][  0]LogD3D11RHI: Async texture creation enabled
[2019.04.25-04.23.24:758][  0]LogRendererCore: FGlobalReadBuffer::InitRHI
[2019.04.25-04.23.24:758][  0]LogRendererCore: FGlobalReadBuffer::InitRHI
[2019.04.25-04.23.24:758][  0]LogRendererCore: FGlobalReadBuffer::InitRHI
[2019.04.25-04.23.24:770][  0]LogD3D11RHI: GPU Timing Frequency: 1000.000000 (Debug: 2 2)
[2019.04.25-04.23.25:037][  0]LogTemp: Display: Module 'AllDesktopTargetPlatform' loaded TargetPlatform 'AllDesktop'
[2019.04.25-04.23.25:052][  0]LogTemp: Display: Module 'MacClientTargetPlatform' loaded TargetPlatform 'MacClient'
[2019.04.25-04.23.25:064][  0]LogTemp: Display: Module 'MacNoEditorTargetPlatform' loaded TargetPlatform 'MacNoEditor'
[2019.04.25-04.23.25:076][  0]LogTemp: Display: Module 'MacServerTargetPlatform' loaded TargetPlatform 'MacServer'
[2019.04.25-04.23.25:088][  0]LogTemp: Display: Module 'MacTargetPlatform' loaded TargetPlatform 'Mac'
[2019.04.25-04.23.25:101][  0]LogTemp: Display: Module 'WindowsClientTargetPlatform' loaded TargetPlatform 'WindowsClient'
[2019.04.25-04.23.25:113][  0]LogTemp: Display: Module 'WindowsNoEditorTargetPlatform' loaded TargetPlatform 'WindowsNoEditor'
[2019.04.25-04.23.25:129][  0]LogTemp: Display: Module 'WindowsServerTargetPlatform' loaded TargetPlatform 'WindowsServer'
[2019.04.25-04.23.25:135][  0]LogTemp: Display: Module 'WindowsTargetPlatform' loaded TargetPlatform 'Windows'
[2019.04.25-04.23.25:207][  0]LogTemp: Display: Module 'AndroidTargetPlatform' loaded TargetPlatform 'Android'
[2019.04.25-04.23.25:207][  0]LogTemp: Display: Module 'AndroidTargetPlatform' loaded TargetPlatform 'Android_ASTC'
[2019.04.25-04.23.25:207][  0]LogTemp: Display: Module 'AndroidTargetPlatform' loaded TargetPlatform 'Android_ATC'
[2019.04.25-04.23.25:207][  0]LogTemp: Display: Module 'AndroidTargetPlatform' loaded TargetPlatform 'Android_DXT'
[2019.04.25-04.23.25:207][  0]LogTemp: Display: Module 'AndroidTargetPlatform' loaded TargetPlatform 'Android_ETC1'
[2019.04.25-04.23.25:207][  0]LogTemp: Display: Module 'AndroidTargetPlatform' loaded TargetPlatform 'Android_ETC1a'
[2019.04.25-04.23.25:207][  0]LogTemp: Display: Module 'AndroidTargetPlatform' loaded TargetPlatform 'Android_ETC2'
[2019.04.25-04.23.25:207][  0]LogTemp: Display: Module 'AndroidTargetPlatform' loaded TargetPlatform 'Android_PVRTC'
[2019.04.25-04.23.25:207][  0]LogTemp: Display: Module 'AndroidTargetPlatform' loaded TargetPlatform 'AndroidClient'
[2019.04.25-04.23.25:207][  0]LogTemp: Display: Module 'AndroidTargetPlatform' loaded TargetPlatform 'Android_ASTCClient'
[2019.04.25-04.23.25:207][  0]LogTemp: Display: Module 'AndroidTargetPlatform' loaded TargetPlatform 'Android_ATCClient'
[2019.04.25-04.23.25:207][  0]LogTemp: Display: Module 'AndroidTargetPlatform' loaded TargetPlatform 'Android_DXTClient'
[2019.04.25-04.23.25:207][  0]LogTemp: Display: Module 'AndroidTargetPlatform' loaded TargetPlatform 'Android_ETC1Client'
[2019.04.25-04.23.25:207][  0]LogTemp: Display: Module 'AndroidTargetPlatform' loaded TargetPlatform 'Android_ETC1aClient'
[2019.04.25-04.23.25:207][  0]LogTemp: Display: Module 'AndroidTargetPlatform' loaded TargetPlatform 'Android_ETC2Client'
[2019.04.25-04.23.25:207][  0]LogTemp: Display: Module 'AndroidTargetPlatform' loaded TargetPlatform 'Android_PVRTCClient'
[2019.04.25-04.23.25:207][  0]LogTemp: Display: Module 'AndroidTargetPlatform' loaded TargetPlatform 'Android_Multi'
[2019.04.25-04.23.25:207][  0]LogTemp: Display: Module 'AndroidTargetPlatform' loaded TargetPlatform 'Android_MultiClient'
[2019.04.25-04.23.25:208][  0]LogTemp: Display: Module 'HTML5TargetPlatform' loaded TargetPlatform 'HTML5'
[2019.04.25-04.23.25:253][  0]LogTemp: Display: Module 'IOSTargetPlatform' loaded TargetPlatform 'IOSClient'
[2019.04.25-04.23.25:253][  0]LogTemp: Display: Module 'IOSTargetPlatform' loaded TargetPlatform 'IOS'
[2019.04.25-04.23.25:274][  0]LogTemp: Display: Module 'TVOSTargetPlatform' loaded TargetPlatform 'TVOSClient'
[2019.04.25-04.23.25:274][  0]LogTemp: Display: Module 'TVOSTargetPlatform' loaded TargetPlatform 'TVOS'
[2019.04.25-04.23.25:286][  0]LogTemp: Display: Module 'LinuxClientTargetPlatform' loaded TargetPlatform 'LinuxClient'
[2019.04.25-04.23.25:299][  0]LogTemp: Display: Module 'LinuxNoEditorTargetPlatform' loaded TargetPlatform 'LinuxNoEditor'
[2019.04.25-04.23.25:310][  0]LogTemp: Display: Module 'LinuxServerTargetPlatform' loaded TargetPlatform 'LinuxServer'
[2019.04.25-04.23.25:322][  0]LogTemp: Display: Module 'LinuxTargetPlatform' loaded TargetPlatform 'Linux'
[2019.04.25-04.23.25:365][  0]LogTemp: Display: Module 'LuminTargetPlatform' loaded TargetPlatform 'Lumin'
[2019.04.25-04.23.25:365][  0]LogTemp: Display: Module 'LuminTargetPlatform' loaded TargetPlatform 'LuminClient'
[2019.04.25-04.23.25:365][  0]LogTargetPlatformManager: Display: Building Assets For Windows
[2019.04.25-04.23.25:372][  0]LogAudioDebug: Display: Lib vorbis DLL was dynamically loaded.
[2019.04.25-04.23.25:409][  0]LogShaderCompilers: Guid format shader working directory is 19 characters bigger than the processId version (../../../../../01/CactusClub/Intermediate/Shaders/WorkingDirectory/61684/).
[2019.04.25-04.23.25:409][  0]LogShaderCompilers: Cleaned the shader compiler working directory 'C:/Users/Usuario/AppData/Local/Temp/UnrealShaderWorkingDir/D5D5E4084B864CC1A22EC4B3157E6710/'.
[2019.04.25-04.23.25:411][  0]LogXGEController: Cannot use XGE Controller as Incredibuild is not installed on this machine.
[2019.04.25-04.23.25:411][  0]LogShaderCompilers: Cannot use XGE Shader Compiler as Incredibuild is not installed on this machine.
[2019.04.25-04.23.25:411][  0]LogShaderCompilers: Display: Using Local Shader Compiler.
[2019.04.25-04.23.25:939][  0]LogDerivedDataCache: Display: Max Cache Size: 512 MB
[2019.04.25-04.23.25:999][  0]LogDerivedDataCache: Loaded boot cache 0.06s 71MB C:/Users/Usuario/AppData/Local/UnrealEngine/4.22/DerivedDataCache/Boot.ddc.
[2019.04.25-04.23.25:999][  0]LogDerivedDataCache: Display: Loaded Boot cache: C:/Users/Usuario/AppData/Local/UnrealEngine/4.22/DerivedDataCache/Boot.ddc
[2019.04.25-04.23.26:000][  0]LogDerivedDataCache: FDerivedDataBackendGraph:  Pak pak cache file ../../../../../01/CactusClub/DerivedDataCache/DDC.ddp not found, will not use a pak cache.
[2019.04.25-04.23.26:000][  0]LogDerivedDataCache: Unable to find inner node Pak for hierarchical cache Hierarchy.
[2019.04.25-04.23.26:000][  0]LogDerivedDataCache: FDerivedDataBackendGraph:  CompressedPak pak cache file ../../../../../01/CactusClub/DerivedDataCache/Compressed.ddp not found, will not use a pak cache.
[2019.04.25-04.23.26:000][  0]LogDerivedDataCache: Unable to find inner node CompressedPak for hierarchical cache Hierarchy.
[2019.04.25-04.23.26:012][  0]LogDerivedDataCache: Display: Pak cache opened for reading ../../../Engine/DerivedDataCache/Compressed.ddp.
[2019.04.25-04.23.26:012][  0]LogDerivedDataCache: FDerivedDataBackendGraph:  EnterprisePak pak cache file ../../../Enterprise/DerivedDataCache/Compressed.ddp not found, will not use a pak cache.
[2019.04.25-04.23.26:012][  0]LogDerivedDataCache: Unable to find inner node EnterprisePak for hierarchical cache Hierarchy.
[2019.04.25-04.23.26:022][  0]LogDerivedDataCache: Using Local data cache path C:/Users/Usuario/AppData/Local/UnrealEngine/Common/DerivedDataCache: Writable
[2019.04.25-04.23.26:022][  0]LogDerivedDataCache: Shared data cache path not found in *engine.ini, will not use an Shared cache.
[2019.04.25-04.23.26:022][  0]LogDerivedDataCache: Unable to find inner node Shared for hierarchical cache Hierarchy.
[2019.04.25-04.23.26:042][  0]LogMaterial: Verifying Global Shaders for PCD3D_SM5
[2019.04.25-04.23.26:043][  0]LogSlate: Using FreeType 2.6.0
[2019.04.25-04.23.26:044][  0]LogSlate: SlateFontServices - WITH_FREETYPE: 1, WITH_HARFBUZZ: 1
[2019.04.25-04.23.26:122][  0]LogAssetRegistry: FAssetRegistry took 0.0297 seconds to start up
[2019.04.25-04.23.26:450][  0]LogInit: Selected Device Profile: [Windows]
[2019.04.25-04.23.26:577][  0]LogMeshReduction: Using QuadricMeshReduction for automatic static mesh reduction
[2019.04.25-04.23.26:577][  0]LogMeshReduction: Using SimplygonMeshReduction for automatic skeletal mesh reduction
[2019.04.25-04.23.26:577][  0]LogMeshReduction: Using ProxyLODMeshReduction for automatic mesh merging
[2019.04.25-04.23.26:577][  0]LogMeshReduction: No distributed automatic mesh merging module available
[2019.04.25-04.23.26:577][  0]LogMeshMerging: No distributed automatic mesh merging module available
[2019.04.25-04.23.26:592][  0]LogNetVersion: CactusClub 1.0.0, NetCL: 5660361, EngineNetVer: 10, GameNetVer: 0 (Checksum: 3813968616)
[2019.04.25-04.23.26:987][  0]LogPackageLocalizationCache: Processed 10 localized package path(s) for 1 prioritized culture(s) in 0.026839 seconds
[2019.04.25-04.23.26:993][  0]LogUObjectArray: 42205 objects as part of root set at end of initial load.
[2019.04.25-04.23.26:993][  0]LogUObjectAllocator: 7325032 out of 0 bytes used by permanent object pool.
[2019.04.25-04.23.26:993][  0]LogUObjectArray: CloseDisregardForGC: 0/0 objects in disregard for GC pool
[2019.04.25-04.23.27:838][  0]LogTcpMessaging: Initializing TcpMessaging bridge
[2019.04.25-04.23.27:858][  0]LogUdpMessaging: Initializing bridge on interface 0.0.0.0:0 to multicast group 230.0.0.1:6666.
[2019.04.25-04.23.27:955][  0]SourceControl: Source control is disabled
[2019.04.25-04.23.27:955][  0]SourceControl: Source control is disabled
[2019.04.25-04.23.27:957][  0]SourceControl: Source control is disabled
[2019.04.25-04.23.27:958][  0]SourceControl: Source control is disabled
[2019.04.25-04.23.28:018][  0]LogAndroidPermission: UAndroidPermissionCallbackProxy::GetInstance
[2019.04.25-04.23.28:147][  0]LogOcInput: OculusInput pre-init called
[2019.04.25-04.23.28:788][  0]LogEngine: Initializing Engine...
[2019.04.25-04.23.28:788][  0]LogHMD: Oculus plugin initialized. Version: 4.22.0-5660361+++UE4+Release-4.22, OVRPlugin: 1.32.0
[2019.04.25-04.23.28:789][  0]LogStats: UGameplayTagsManager::InitializeManager -  0.000 s
[2019.04.25-04.23.29:013][  0]LogInit: Initializing FReadOnlyCVARCache
[2019.04.25-04.23.29:025][  0]LogAIModule: Creating AISystem for world Untitled
[2019.04.25-04.23.29:053][  0]LogInit: XAudio2 using 'Altavoces (2- Realtek High Definition Audio)' : 2 channels at 48 kHz using 32 bits per sample (channel mask 0x3)
[2019.04.25-04.23.29:061][  0]LogInit: FAudioDevice initialized.
[2019.04.25-04.23.29:062][  0]LogNetVersion: Set ProjectVersion to 1.0.0.0. Version Checksum will be recalculated on next use.
[2019.04.25-04.23.29:140][  0]LogDerivedDataCache: Saved boot cache 0.08s 71MB C:/Users/Usuario/AppData/Local/UnrealEngine/4.22/DerivedDataCache/Boot.ddc.
[2019.04.25-04.23.29:144][  0]LogInit: Texture streaming: Enabled
[2019.04.25-04.23.29:161][  0]LogEngineSessionManager: EngineSessionManager initialized
[2019.04.25-04.23.29:179][  0]LogInit: Transaction tracking system initialized
[2019.04.25-04.23.29:199][  0]BlueprintLog: New page: Editor Load
[2019.04.25-04.23.29:306][  0]LocalizationService: Localization service is disabled
[2019.04.25-04.23.29:411][  0]LogLinker: Warning: Can't find file '/Game/ThirdPersonBP/ThirdPersonOverview'
[2019.04.25-04.23.29:411][  0]LogLinker: Warning: Can't find file '/Game/ThirdPersonBP/ThirdPersonOverview'
[2019.04.25-04.23.29:411][  0]LogUObjectGlobals: Warning: Failed to find object 'Class /Game/ThirdPersonBP/ThirdPersonOverview.ThirdPersonOverview_C'
[2019.04.25-04.23.29:603][  0]LogFileCache: Scanning file cache for directory 'D:/Cactusclub/01/CactusClub/Content/' took 0.01s
[2019.04.25-04.23.29:603][  0]LogCook: Display: Max memory allowance for cook 16384mb min free memory 0mb
[2019.04.25-04.23.29:603][  0]LogCook: Display: Mobile HDR setting 1
[2019.04.25-04.23.29:777][  0]SourceControl: Source control is disabled
[2019.04.25-04.23.29:777][  0]Cmd: MAP LOAD FILE="../../../Engine/Content/Maps/Templates/Template_Default.umap" TEMPLATE=1 SHOWPROGRESS=1 FEATURELEVEL=3
[2019.04.25-04.23.29:777][  0]LightingResults: New page: Lighting Build
[2019.04.25-04.23.29:780][  0]MapCheck: New page: Map Check
[2019.04.25-04.23.29:780][  0]LightingResults: New page: Lighting Build
[2019.04.25-04.23.29:800][  0]LogUObjectHash: Compacting FUObjectHashTables data took   1.78ms
[2019.04.25-04.23.29:873][  0]LogAIModule: Creating AISystem for world Untitled_1
[2019.04.25-04.23.29:877][  0]LogEditorServer: Finished looking for orphan Actors (0.000 secs)
[2019.04.25-04.23.29:898][  0]LogUObjectHash: Compacting FUObjectHashTables data took   2.03ms
[2019.04.25-04.23.29:898][  0]Cmd: MAP CHECKDEP NOCLEARLOG
[2019.04.25-04.23.29:898][  0]MapCheck: Map check complete: 0 Error(s), 0 Warning(s), took 0.078ms to complete.
[2019.04.25-04.23.29:898][  0]LogFileHelpers: Loading map 'Template_Default' took 0.122
[2019.04.25-04.23.29:990][  0]LogSlate: Updating window title bar state: overlay mode, drag disabled, window buttons hidden, title bar hidden
[2019.04.25-04.23.30:000][  0]LogSlate: Updating window title bar state: overlay mode, drag disabled, window buttons hidden, title bar hidden
[2019.04.25-04.23.30:009][  0]LogSlate: Updating window title bar state: overlay mode, drag disabled, window buttons hidden, title bar hidden
[2019.04.25-04.23.30:019][  0]LogSlate: Updating window title bar state: overlay mode, drag disabled, window buttons hidden, title bar hidden
[2019.04.25-04.23.30:030][  0]LogConsoleManager: Warning: Console object named 'ActorComponents.Enable' already exists but is being registered again, but we weren't expected it to be! (FConsoleManager::AddConsoleObject)
[2019.04.25-04.23.30:122][  0]LogCollectionManager: Loaded 0 collections in 0.002270 seconds
[2019.04.25-04.23.30:161][  0]LogFileCache: Scanning file cache for directory 'D:/Cactusclub/01/CactusClub/Saved/Collections/' took 0.01s
[2019.04.25-04.23.30:161][  0]LogFileCache: Scanning file cache for directory 'D:/Cactusclub/01/CactusClub/Content/Developers/Usuario/Collections/' took 0.01s
[2019.04.25-04.23.30:161][  0]LogFileCache: Scanning file cache for directory 'D:/Cactusclub/01/CactusClub/Content/Collections/' took 0.01s
[2019.04.25-04.23.30:161][  0]LogCollectionManager: Rebuilt the GUID cache for 0 collections in 0.000000 seconds
[2019.04.25-04.23.30:171][  0]LogContentBrowser: Native class hierarchy populated in 0.0102 seconds. Added 2733 classes and 661 folders.
[2019.04.25-04.23.30:178][  0]LogContentBrowser: Native class hierarchy updated for 'WidgetCarousel' in 0.0004 seconds. Added 0 classes and 0 folders.
[2019.04.25-04.23.30:179][  0]LogPakFile: Registered encryption key '00000000000000000000000000000000': 0 pak files mounted, 0 remain pending
[2019.04.25-04.23.30:180][  0]LogPakFile: Registered encryption key '00000000000000000000000000000000': 0 pak files mounted, 0 remain pending
[2019.04.25-04.23.30:180][  0]LogPakFile: Registered encryption key '00000000000000000000000000000000': 0 pak files mounted, 0 remain pending
[2019.04.25-04.23.30:180][  0]LogPakFile: Registered encryption key '00000000000000000000000000000000': 0 pak files mounted, 0 remain pending
[2019.04.25-04.23.30:181][  0]LogPakFile: Registered encryption key '00000000000000000000000000000000': 0 pak files mounted, 0 remain pending
[2019.04.25-04.23.30:181][  0]LogPakFile: Registered encryption key '00000000000000000000000000000000': 0 pak files mounted, 0 remain pending
[2019.04.25-04.23.30:182][  0]LogPakFile: Registered encryption key '00000000000000000000000000000000': 0 pak files mounted, 0 remain pending
[2019.04.25-04.23.30:182][  0]LogPakFile: Registered encryption key '00000000000000000000000000000000': 0 pak files mounted, 0 remain pending
[2019.04.25-04.23.30:182][  0]LogPakFile: Registered encryption key '00000000000000000000000000000000': 0 pak files mounted, 0 remain pending
[2019.04.25-04.23.30:183][  0]LogPakFile: Registered encryption key '00000000000000000000000000000000': 0 pak files mounted, 0 remain pending
[2019.04.25-04.23.30:183][  0]LogPakFile: Registered encryption key '00000000000000000000000000000000': 0 pak files mounted, 0 remain pending
[2019.04.25-04.23.30:183][  0]LogPakFile: Registered encryption key '00000000000000000000000000000000': 0 pak files mounted, 0 remain pending
[2019.04.25-04.23.30:184][  0]LogPakFile: Registered encryption key '00000000000000000000000000000000': 0 pak files mounted, 0 remain pending
[2019.04.25-04.23.30:184][  0]LogPakFile: Registered encryption key '00000000000000000000000000000000': 0 pak files mounted, 0 remain pending
[2019.04.25-04.23.30:185][  0]LogPakFile: Registered encryption key '00000000000000000000000000000000': 0 pak files mounted, 0 remain pending
[2019.04.25-04.23.30:185][  0]LogPakFile: Registered encryption key '00000000000000000000000000000000': 0 pak files mounted, 0 remain pending
[2019.04.25-04.23.30:186][  0]LogPakFile: Registered encryption key '00000000000000000000000000000000': 0 pak files mounted, 0 remain pending
[2019.04.25-04.23.30:187][  0]LogPakFile: Registered encryption key '00000000000000000000000000000000': 0 pak files mounted, 0 remain pending
[2019.04.25-04.23.30:187][  0]LogPakFile: Registered encryption key '00000000000000000000000000000000': 0 pak files mounted, 0 remain pending
[2019.04.25-04.23.30:188][  0]LogPakFile: Registered encryption key '00000000000000000000000000000000': 0 pak files mounted, 0 remain pending
[2019.04.25-04.23.30:188][  0]LogPakFile: Registered encryption key '00000000000000000000000000000000': 0 pak files mounted, 0 remain pending
[2019.04.25-04.23.30:188][  0]LogPakFile: Registered encryption key '00000000000000000000000000000000': 0 pak files mounted, 0 remain pending
[2019.04.25-04.23.30:189][  0]LogPakFile: Registered encryption key '00000000000000000000000000000000': 0 pak files mounted, 0 remain pending
[2019.04.25-04.23.30:189][  0]LogPakFile: Registered encryption key '00000000000000000000000000000000': 0 pak files mounted, 0 remain pending
[2019.04.25-04.23.30:190][  0]LogPakFile: Registered encryption key '00000000000000000000000000000000': 0 pak files mounted, 0 remain pending
[2019.04.25-04.23.30:190][  0]LogPakFile: Registered encryption key '00000000000000000000000000000000': 0 pak files mounted, 0 remain pending
[2019.04.25-04.23.30:223][  0]LogContentBrowser: Native class hierarchy updated for 'AddContentDialog' in 0.0002 seconds. Added 0 classes and 0 folders.
[2019.04.25-04.23.30:230][  0]LogSlate: Took 0.000127 seconds to synchronously load lazily loaded font '../../../Engine/Content/Slate/Fonts/Roboto-Regular.ttf' (155K)
[2019.04.25-04.23.30:231][  0]LogSlate: Took 0.000100 seconds to synchronously load lazily loaded font '../../../Engine/Content/Slate/Fonts/Roboto-Bold.ttf' (160K)
[2019.04.25-04.23.30:237][  0]LogSlate: Took 0.000133 seconds to synchronously load lazily loaded font '../../../Engine/Content/Editor/Slate/Fonts/FontAwesome.ttf' (139K)
[2019.04.25-04.23.30:306][  0]LogRenderer: Reallocating scene render targets to support 1204x964 Format 10 NumSamples 1 (Frame:1).
[2019.04.25-04.23.30:507][  0]LogContentBrowser: Native class hierarchy updated for 'HierarchicalLODOutliner' in 0.0002 seconds. Added 0 classes and 0 folders.
[2019.04.25-04.23.30:508][  0]LogLoad: (Engine Initialization) Total time: 7.80 seconds
[2019.04.25-04.23.30:508][  0]LogLoad: (Engine Initialization) Total Blueprint compile time: 0.00 seconds
[2019.04.25-04.23.30:519][  0]LogOcInput: OculusInput is initialized
[2019.04.25-04.23.30:542][  0]LogAssetRegistry: Asset discovery search completed in 4.4404 seconds
[2019.04.25-04.23.30:544][  0]LogCollectionManager: Rebuilt the object cache for 0 collections in 0.000001 seconds (found 0 objects)
[2019.04.25-04.23.30:544][  0]LogCollectionManager: Fixed up redirectors for 0 collections in 0.000029 seconds (updated 0 objects)
[2019.04.25-04.23.30:544][  0]LogContentStreaming: Texture pool size now 1000 MB
[2019.04.25-04.23.30:624][  1]LogSlate: Took 0.000162 seconds to synchronously load lazily loaded font '../../../Engine/Content/Slate/Fonts/Roboto-Light.ttf' (167K)
[2019.04.25-04.23.34:132][159]LogSlate: FSceneViewport::OnFocusLost() reason 2
[2019.04.25-04.23.44:538][380]LogSlate: FSceneViewport::OnFocusLost() reason 0
[2019.04.25-04.23.46:338][585]LogActorFactory: Actor Factory created Cube
[2019.04.25-04.23.47:059][665]LogActorFactory: Actor Factory created Cube
[2019.04.25-04.23.53:213][387]Cmd: CAMERA ALIGN ACTIVEVIEWPORTONLY
[2019.04.25-04.23.56:099][715]LogSlate: FSceneViewport::OnFocusLost() reason 0
[2019.04.25-04.24.19:866][536]LogAudio: Warning: Current Audio Device with ID {0.0.0.00000000}.{c77ad65e-a2b7-4233-a858-edca49da27fa} was removed. Shutting down audio device.
[2019.04.25-04.24.19:903][536]LogInit: XAudio2 using 'Auriculares (Rift Audio)' : 2 channels at 48 kHz using 16 bits per sample (channel mask 0x3)
[2019.04.25-04.24.21:730][718]LogInit: XAudio2 using 'Altavoces (2- Realtek High Definition Audio)' : 2 channels at 48 kHz using 32 bits per sample (channel mask 0x3)
[2019.04.25-04.24.33:276][966]LogSlate: Window 'Save Level As' being destroyed
[2019.04.25-04.24.33:285][966]LogSlate: Took 0.000148 seconds to synchronously load lazily loaded font '../../../Engine/Content/Slate/Fonts/Roboto-Light.ttf' (167K)
[2019.04.25-04.24.33:329][966]LogUObjectHash: Compacting FUObjectHashTables data took   1.78ms
[2019.04.25-04.24.33:330][966]Cmd: OBJ SAVEPACKAGE PACKAGE="/Game/Developers/miki/Default" FILE="../../../../../01/CactusClub/Content/Developers/miki/Default.umap" SILENT=true AUTOSAVING=false KEEPDIRTY=false
[2019.04.25-04.24.33:351][966]LogUObjectHash: Compacting FUObjectHashTables data took   1.15ms
[2019.04.25-04.24.33:436][966]LogSavePackage: Moving '../../../../../01/CactusClub/Saved/Default1DD308C54DF95F8E984103BDDCB151B4.tmp' to '../../../../../01/CactusClub/Content/Developers/miki/Default.umap'
[2019.04.25-04.24.33:461][966]Cmd: OBJ SAVEPACKAGE PACKAGE="/Game/Developers/miki/Default_BuiltData" FILE="../../../../../01/CactusClub/Content/Developers/miki/Default_BuiltData.uasset" SILENT=true
[2019.04.25-04.24.33:470][966]LogSavePackage: Moving '../../../../../01/CactusClub/Saved/Default_BuiltData4EAFF2964681A66E8884168EE62CE504.tmp' to '../../../../../01/CactusClub/Content/Developers/miki/Default_BuiltData.uasset'
[2019.04.25-04.24.33:475][966]LogFileHelpers: Saving map 'Default' took 0.194
[2019.04.25-04.24.35:957][252]LogSlate: FSceneViewport::OnFocusLost() reason 0
[2019.04.25-04.24.36:042][259]Cmd: OBJ SAVEPACKAGE PACKAGE="/Game/Developers/miki/Default" FILE="../../../../../01/CactusClub/Content/Developers/miki/Default.umap" SILENT=true AUTOSAVING=false KEEPDIRTY=false
[2019.04.25-04.24.36:063][259]LogUObjectHash: Compacting FUObjectHashTables data took   1.87ms
[2019.04.25-04.24.36:153][259]LogSavePackage: Moving '../../../../../01/CactusClub/Saved/Default6B9DFA9D45CF7BAAEE56F9BAF6567487.tmp' to '../../../../../01/CactusClub/Content/Developers/miki/Default.umap'
[2019.04.25-04.24.36:161][259]Cmd: OBJ SAVEPACKAGE PACKAGE="/Game/Developers/miki/Default_BuiltData" FILE="../../../../../01/CactusClub/Content/Developers/miki/Default_BuiltData.uasset" SILENT=true
[2019.04.25-04.24.36:168][259]LogSavePackage: Moving '../../../../../01/CactusClub/Saved/Default_BuiltDataA7529E9F4905F446EBED029C4567ADD2.tmp' to '../../../../../01/CactusClub/Content/Developers/miki/Default_BuiltData.uasset'
[2019.04.25-04.24.40:897][584]Cmd: CAMERA ALIGN ACTIVEVIEWPORTONLY
